

Started GET "/" for 127.0.0.1 at 2012-05-27 10:37:34 +0200
Processing by StaticPagesController#home as HTML
  Rendered static_pages/home.html.erb within layouts/application (25.3ms)
Compiled custom.css  (2166ms)  (pid 7091)
Compiled sessions.css  (2ms)  (pid 7091)
Compiled static_pages.css  (1ms)  (pid 7091)
Compiled users.css  (1ms)  (pid 7091)
Compiled application.css  (2268ms)  (pid 7091)
Compiled jquery.js  (2ms)  (pid 7091)
Compiled jquery_ujs.js  (0ms)  (pid 7091)
Compiled bootstrap-transition.js  (0ms)  (pid 7091)
Compiled bootstrap-alert.js  (0ms)  (pid 7091)
Compiled bootstrap-button.js  (0ms)  (pid 7091)
Compiled bootstrap-carousel.js  (1ms)  (pid 7091)
Compiled bootstrap-collapse.js  (1ms)  (pid 7091)
Compiled bootstrap-dropdown.js  (0ms)  (pid 7091)
Compiled bootstrap-modal.js  (1ms)  (pid 7091)
Compiled bootstrap-scrollspy.js  (0ms)  (pid 7091)
Compiled bootstrap-tab.js  (1ms)  (pid 7091)
Compiled bootstrap-tooltip.js  (1ms)  (pid 7091)
Compiled bootstrap-popover.js  (1ms)  (pid 7091)
Compiled bootstrap-typeahead.js  (0ms)  (pid 7091)
Compiled bootstrap.js  (292ms)  (pid 7091)
Compiled sessions.js  (167ms)  (pid 7091)
Compiled static_pages.js  (179ms)  (pid 7091)
Compiled users.js  (131ms)  (pid 7091)
Compiled application.js  (916ms)  (pid 7091)
  Rendered layouts/_shim.html.erb (1.1ms)
  Rendered layouts/_header.html.erb (3.4ms)
  Rendered layouts/_footer.html.erb (1.1ms)
Completed 200 OK in 3464ms (Views: 3463.7ms | ActiveRecord: 0.0ms)


Started GET "/assets/sessions.css?body=1" for 127.0.0.1 at 2012-05-27 10:37:39 +0200
Served asset /sessions.css - 200 OK (4ms)


Started GET "/assets/static_pages.css?body=1" for 127.0.0.1 at 2012-05-27 10:37:39 +0200
Served asset /static_pages.css - 200 OK (4ms)


Started GET "/assets/custom.css?body=1" for 127.0.0.1 at 2012-05-27 10:37:39 +0200
Served asset /custom.css - 200 OK (11ms)


Started GET "/assets/users.css?body=1" for 127.0.0.1 at 2012-05-27 10:37:39 +0200
Served asset /users.css - 200 OK (11ms)


Started GET "/assets/jquery.js?body=1" for 127.0.0.1 at 2012-05-27 10:37:39 +0200
Served asset /jquery.js - 200 OK (7ms)


Started GET "/assets/jquery_ujs.js?body=1" for 127.0.0.1 at 2012-05-27 10:37:39 +0200
Served asset /jquery_ujs.js - 200 OK (7ms)


Started GET "/assets/bootstrap-transition.js?body=1" for 127.0.0.1 at 2012-05-27 10:37:39 +0200
Served asset /bootstrap-transition.js - 200 OK (19ms)


Started GET "/assets/bootstrap-alert.js?body=1" for 127.0.0.1 at 2012-05-27 10:37:39 +0200
Served asset /bootstrap-alert.js - 200 OK (8ms)


Started GET "/assets/bootstrap-button.js?body=1" for 127.0.0.1 at 2012-05-27 10:37:39 +0200
Served asset /bootstrap-button.js - 200 OK (6ms)


Started GET "/assets/bootstrap-carousel.js?body=1" for 127.0.0.1 at 2012-05-27 10:37:39 +0200
Served asset /bootstrap-carousel.js - 200 OK (7ms)


Started GET "/assets/bootstrap-dropdown.js?body=1" for 127.0.0.1 at 2012-05-27 10:37:39 +0200
Served asset /bootstrap-dropdown.js - 200 OK (9ms)


Started GET "/assets/bootstrap-collapse.js?body=1" for 127.0.0.1 at 2012-05-27 10:37:39 +0200
Served asset /bootstrap-collapse.js - 200 OK (7ms)


Started GET "/assets/bootstrap-modal.js?body=1" for 127.0.0.1 at 2012-05-27 10:37:39 +0200
Served asset /bootstrap-modal.js - 200 OK (11ms)


Started GET "/assets/bootstrap-scrollspy.js?body=1" for 127.0.0.1 at 2012-05-27 10:37:39 +0200
Served asset /bootstrap-scrollspy.js - 200 OK (8ms)


Started GET "/assets/bootstrap-tab.js?body=1" for 127.0.0.1 at 2012-05-27 10:37:39 +0200
Served asset /bootstrap-tab.js - 200 OK (9ms)


Started GET "/assets/bootstrap-tooltip.js?body=1" for 127.0.0.1 at 2012-05-27 10:37:39 +0200
Served asset /bootstrap-tooltip.js - 200 OK (8ms)


Started GET "/assets/bootstrap-popover.js?body=1" for 127.0.0.1 at 2012-05-27 10:37:39 +0200
Served asset /bootstrap-popover.js - 200 OK (8ms)


Started GET "/assets/bootstrap-typeahead.js?body=1" for 127.0.0.1 at 2012-05-27 10:37:39 +0200
Served asset /bootstrap-typeahead.js - 200 OK (7ms)


Started GET "/assets/bootstrap.js?body=1" for 127.0.0.1 at 2012-05-27 10:37:39 +0200
Served asset /bootstrap.js - 200 OK (27ms)


Started GET "/assets/sessions.js?body=1" for 127.0.0.1 at 2012-05-27 10:37:39 +0200
Served asset /sessions.js - 200 OK (4ms)


Started GET "/assets/static_pages.js?body=1" for 127.0.0.1 at 2012-05-27 10:37:39 +0200
Served asset /static_pages.js - 200 OK (4ms)


Started GET "/assets/users.js?body=1" for 127.0.0.1 at 2012-05-27 10:37:39 +0200
Served asset /users.js - 200 OK (4ms)


Started GET "/assets/sc.png" for 127.0.0.1 at 2012-05-27 10:37:39 +0200
Served asset /sc.png - 200 OK (55ms)


Started GET "/" for 127.0.0.1 at 2012-05-27 10:37:53 +0200
Processing by StaticPagesController#home as HTML
  Rendered static_pages/home.html.erb within layouts/application (0.9ms)
  Rendered layouts/_shim.html.erb (0.0ms)
  Rendered layouts/_header.html.erb (1.5ms)
  Rendered layouts/_footer.html.erb (0.5ms)
Completed 200 OK in 24ms (Views: 24.1ms | ActiveRecord: 0.0ms)


Started GET "/" for 127.0.0.1 at 2012-05-27 10:37:56 +0200
Processing by StaticPagesController#home as HTML
  Rendered static_pages/home.html.erb within layouts/application (0.8ms)
  Rendered layouts/_shim.html.erb (0.0ms)
  Rendered layouts/_header.html.erb (1.4ms)
  Rendered layouts/_footer.html.erb (0.5ms)
Completed 200 OK in 25ms (Views: 24.7ms | ActiveRecord: 0.0ms)


Started GET "/about" for 127.0.0.1 at 2012-05-27 10:37:58 +0200
Processing by StaticPagesController#about as HTML
  Rendered static_pages/about.html.erb within layouts/application (0.5ms)
  Rendered layouts/_shim.html.erb (0.0ms)
  Rendered layouts/_header.html.erb (1.6ms)
  Rendered layouts/_footer.html.erb (0.5ms)
Completed 200 OK in 27ms (Views: 26.6ms | ActiveRecord: 0.0ms)


Started GET "/contact" for 127.0.0.1 at 2012-05-27 10:38:01 +0200
Processing by StaticPagesController#contact as HTML
  Rendered static_pages/contact.html.erb within layouts/application (0.5ms)
  Rendered layouts/_shim.html.erb (0.0ms)
  Rendered layouts/_header.html.erb (1.6ms)
  Rendered layouts/_footer.html.erb (0.5ms)
Completed 200 OK in 27ms (Views: 26.8ms | ActiveRecord: 0.0ms)


Started GET "/help" for 127.0.0.1 at 2012-05-27 10:38:06 +0200
Processing by StaticPagesController#help as HTML
  Rendered static_pages/help.html.erb within layouts/application (0.5ms)
  Rendered layouts/_shim.html.erb (0.0ms)
  Rendered layouts/_header.html.erb (1.5ms)
  Rendered layouts/_footer.html.erb (0.5ms)
Completed 200 OK in 67ms (Views: 67.0ms | ActiveRecord: 0.0ms)


Started GET "/" for 127.0.0.1 at 2012-05-27 10:38:08 +0200
Processing by StaticPagesController#home as HTML
  Rendered static_pages/home.html.erb within layouts/application (0.8ms)
  Rendered layouts/_shim.html.erb (0.0ms)
  Rendered layouts/_header.html.erb (1.4ms)
  Rendered layouts/_footer.html.erb (0.5ms)
Completed 200 OK in 24ms (Views: 23.5ms | ActiveRecord: 0.0ms)


Started GET "/" for 127.0.0.1 at 2012-05-27 11:56:03 +0200
Processing by StaticPagesController#home as HTML
  Rendered static_pages/home.html.erb within layouts/application (57.5ms)
  Rendered layouts/_shim.html.erb (0.3ms)
  Rendered layouts/_header.html.erb (11.4ms)
  Rendered layouts/_footer.html.erb (1.0ms)
Completed 200 OK in 346ms (Views: 326.7ms | ActiveRecord: 0.0ms)


Started GET "/assets/custom.css?body=1" for 127.0.0.1 at 2012-05-27 11:56:04 +0200
Served asset /custom.css - 200 OK (23ms)


Started GET "/assets/sessions.css?body=1" for 127.0.0.1 at 2012-05-27 11:56:04 +0200
Served asset /sessions.css - 200 OK (0ms)


Started GET "/assets/static_pages.css?body=1" for 127.0.0.1 at 2012-05-27 11:56:04 +0200
Served asset /static_pages.css - 200 OK (1ms)


Started GET "/assets/users.css?body=1" for 127.0.0.1 at 2012-05-27 11:56:04 +0200
Served asset /users.css - 200 OK (0ms)


Started GET "/assets/jquery.js?body=1" for 127.0.0.1 at 2012-05-27 11:56:04 +0200
Served asset /jquery.js - 200 OK (0ms)


Started GET "/assets/jquery_ujs.js?body=1" for 127.0.0.1 at 2012-05-27 11:56:04 +0200
Served asset /jquery_ujs.js - 200 OK (0ms)


Started GET "/assets/bootstrap-transition.js?body=1" for 127.0.0.1 at 2012-05-27 11:56:04 +0200
Served asset /bootstrap-transition.js - 200 OK (0ms)


Started GET "/assets/bootstrap-alert.js?body=1" for 127.0.0.1 at 2012-05-27 11:56:04 +0200
Served asset /bootstrap-alert.js - 200 OK (0ms)


Started GET "/assets/bootstrap-button.js?body=1" for 127.0.0.1 at 2012-05-27 11:56:04 +0200
Served asset /bootstrap-button.js - 200 OK (0ms)


Started GET "/assets/bootstrap-carousel.js?body=1" for 127.0.0.1 at 2012-05-27 11:56:04 +0200
Served asset /bootstrap-carousel.js - 200 OK (0ms)


Started GET "/assets/bootstrap-dropdown.js?body=1" for 127.0.0.1 at 2012-05-27 11:56:04 +0200
Served asset /bootstrap-dropdown.js - 200 OK (0ms)


Started GET "/assets/bootstrap-modal.js?body=1" for 127.0.0.1 at 2012-05-27 11:56:04 +0200
Served asset /bootstrap-modal.js - 200 OK (0ms)


Started GET "/assets/bootstrap-scrollspy.js?body=1" for 127.0.0.1 at 2012-05-27 11:56:04 +0200
Served asset /bootstrap-scrollspy.js - 200 OK (1ms)


Started GET "/assets/bootstrap-collapse.js?body=1" for 127.0.0.1 at 2012-05-27 11:56:04 +0200
Served asset /bootstrap-collapse.js - 200 OK (0ms)


Started GET "/assets/bootstrap-tab.js?body=1" for 127.0.0.1 at 2012-05-27 11:56:04 +0200
Served asset /bootstrap-tab.js - 200 OK (0ms)


Started GET "/assets/bootstrap-tooltip.js?body=1" for 127.0.0.1 at 2012-05-27 11:56:04 +0200
Served asset /bootstrap-tooltip.js - 200 OK (1ms)


Started GET "/assets/bootstrap-popover.js?body=1" for 127.0.0.1 at 2012-05-27 11:56:04 +0200
Served asset /bootstrap-popover.js - 200 OK (0ms)


Started GET "/assets/bootstrap-typeahead.js?body=1" for 127.0.0.1 at 2012-05-27 11:56:04 +0200
Served asset /bootstrap-typeahead.js - 200 OK (0ms)


Started GET "/assets/bootstrap.js?body=1" for 127.0.0.1 at 2012-05-27 11:56:04 +0200
Served asset /bootstrap.js - 200 OK (3ms)


Started GET "/assets/sessions.js?body=1" for 127.0.0.1 at 2012-05-27 11:56:04 +0200
Served asset /sessions.js - 200 OK (0ms)


Started GET "/assets/static_pages.js?body=1" for 127.0.0.1 at 2012-05-27 11:56:05 +0200
Served asset /static_pages.js - 200 OK (0ms)


Started GET "/assets/users.js?body=1" for 127.0.0.1 at 2012-05-27 11:56:05 +0200
Served asset /users.js - 200 OK (0ms)


Started GET "/assets/sc.png" for 127.0.0.1 at 2012-05-27 11:56:05 +0200
Served asset /sc.png - 200 OK (0ms)


Started GET "/" for 127.0.0.1 at 2012-05-27 12:02:22 +0200
Processing by StaticPagesController#home as HTML
  Rendered static_pages/home.html.erb within layouts/application (1.1ms)
  Rendered layouts/_shim.html.erb (0.0ms)
  Rendered layouts/_header.html.erb (1.6ms)
  Rendered layouts/_footer.html.erb (0.5ms)
Completed 200 OK in 49ms (Views: 49.1ms | ActiveRecord: 0.0ms)


Started GET "/assets/custom.css?body=1" for 127.0.0.1 at 2012-05-27 12:02:22 +0200
Served asset /custom.css - 200 OK (3ms)


Started GET "/assets/static_pages.css?body=1" for 127.0.0.1 at 2012-05-27 12:02:23 +0200
Served asset /static_pages.css - 200 OK (0ms)


Started GET "/assets/jquery.js?body=1" for 127.0.0.1 at 2012-05-27 12:02:23 +0200
Served asset /jquery.js - 200 OK (0ms)


Started GET "/assets/sessions.css?body=1" for 127.0.0.1 at 2012-05-27 12:02:23 +0200
Served asset /sessions.css - 200 OK (0ms)


Started GET "/assets/users.css?body=1" for 127.0.0.1 at 2012-05-27 12:02:23 +0200
Served asset /users.css - 200 OK (12ms)


Started GET "/assets/jquery_ujs.js?body=1" for 127.0.0.1 at 2012-05-27 12:02:23 +0200
Served asset /jquery_ujs.js - 200 OK (0ms)


Started GET "/assets/bootstrap-alert.js?body=1" for 127.0.0.1 at 2012-05-27 12:02:23 +0200
Served asset /bootstrap-alert.js - 200 OK (0ms)


Started GET "/assets/bootstrap-transition.js?body=1" for 127.0.0.1 at 2012-05-27 12:02:23 +0200
Served asset /bootstrap-transition.js - 200 OK (0ms)


Started GET "/assets/bootstrap-button.js?body=1" for 127.0.0.1 at 2012-05-27 12:02:23 +0200
Served asset /bootstrap-button.js - 200 OK (0ms)


Started GET "/assets/bootstrap-carousel.js?body=1" for 127.0.0.1 at 2012-05-27 12:02:23 +0200
Served asset /bootstrap-carousel.js - 200 OK (0ms)


Started GET "/assets/bootstrap-collapse.js?body=1" for 127.0.0.1 at 2012-05-27 12:02:23 +0200
Served asset /bootstrap-collapse.js - 200 OK (0ms)


Started GET "/assets/bootstrap-scrollspy.js?body=1" for 127.0.0.1 at 2012-05-27 12:02:23 +0200
Served asset /bootstrap-scrollspy.js - 200 OK (0ms)


Started GET "/assets/bootstrap-tab.js?body=1" for 127.0.0.1 at 2012-05-27 12:02:23 +0200
Served asset /bootstrap-tab.js - 200 OK (0ms)


Started GET "/assets/bootstrap-modal.js?body=1" for 127.0.0.1 at 2012-05-27 12:02:23 +0200
Served asset /bootstrap-modal.js - 200 OK (0ms)


Started GET "/assets/bootstrap-dropdown.js?body=1" for 127.0.0.1 at 2012-05-27 12:02:23 +0200
Served asset /bootstrap-dropdown.js - 200 OK (0ms)


Started GET "/assets/bootstrap-tooltip.js?body=1" for 127.0.0.1 at 2012-05-27 12:02:23 +0200
Served asset /bootstrap-tooltip.js - 200 OK (0ms)


Started GET "/assets/bootstrap.js?body=1" for 127.0.0.1 at 2012-05-27 12:02:23 +0200
Served asset /bootstrap.js - 200 OK (1ms)


Started GET "/assets/sessions.js?body=1" for 127.0.0.1 at 2012-05-27 12:02:23 +0200
Served asset /sessions.js - 200 OK (0ms)


Started GET "/assets/bootstrap-typeahead.js?body=1" for 127.0.0.1 at 2012-05-27 12:02:23 +0200
Served asset /bootstrap-typeahead.js - 200 OK (1ms)


Started GET "/assets/static_pages.js?body=1" for 127.0.0.1 at 2012-05-27 12:02:23 +0200
Served asset /static_pages.js - 200 OK (0ms)


Started GET "/assets/bootstrap-popover.js?body=1" for 127.0.0.1 at 2012-05-27 12:02:23 +0200
Served asset /bootstrap-popover.js - 200 OK (0ms)


Started GET "/assets/users.js?body=1" for 127.0.0.1 at 2012-05-27 12:02:23 +0200
Served asset /users.js - 200 OK (0ms)


Started GET "/assets/sc.png" for 127.0.0.1 at 2012-05-27 12:02:23 +0200
Served asset /sc.png - 200 OK (0ms)
  [1m[36m (0.9ms)[0m  [1mselect sqlite_version(*)[0m
  [1m[35m (1.4ms)[0m  CREATE TABLE "schema_migrations" ("version" varchar(255) NOT NULL) 
  [1m[36m (0.0ms)[0m  [1mPRAGMA index_list("schema_migrations")[0m
  [1m[35m (1.9ms)[0m  CREATE UNIQUE INDEX "unique_schema_migrations" ON "schema_migrations" ("version")
  [1m[36m (0.1ms)[0m  [1mSELECT "schema_migrations"."version" FROM "schema_migrations" [0m
Migrating to CreateUsers (20120312191457)
  [1m[35m (0.0ms)[0m  begin transaction
  [1m[36m (0.5ms)[0m  [1mCREATE TABLE "users" ("id" INTEGER PRIMARY KEY AUTOINCREMENT NOT NULL, "name" varchar(255), "email" varchar(255), "created_at" datetime NOT NULL, "updated_at" datetime NOT NULL) [0m
  [1m[35m (0.1ms)[0m  INSERT INTO "schema_migrations" ("version") VALUES ('20120312191457')
  [1m[36m (1.3ms)[0m  [1mcommit transaction[0m
Migrating to AddIndexToUsersEmail (20120312225604)
  [1m[35m (0.1ms)[0m  begin transaction
  [1m[36m (0.1ms)[0m  [1mPRAGMA index_list("users")[0m
  [1m[35m (0.3ms)[0m  CREATE UNIQUE INDEX "index_users_on_email" ON "users" ("email")
  [1m[36m (0.1ms)[0m  [1mINSERT INTO "schema_migrations" ("version") VALUES ('20120312225604')[0m
  [1m[35m (1.5ms)[0m  commit transaction
Migrating to AddPasswordDigestToUsers (20120313003545)
  [1m[36m (0.0ms)[0m  [1mbegin transaction[0m
  [1m[35m (2.1ms)[0m  ALTER TABLE "users" ADD "password_digest" varchar(255)
  [1m[36m (0.1ms)[0m  [1mINSERT INTO "schema_migrations" ("version") VALUES ('20120313003545')[0m
  [1m[35m (0.7ms)[0m  commit transaction
Migrating to AddRememberTokenToUsers (20120315044928)
  [1m[36m (0.0ms)[0m  [1mbegin transaction[0m
  [1m[35m (0.4ms)[0m  ALTER TABLE "users" ADD "remember_token" varchar(255)
  [1m[36m (0.0ms)[0m  [1mPRAGMA index_list("users")[0m
  [1m[35m (0.0ms)[0m  PRAGMA index_info('index_users_on_email')
  [1m[36m (0.1ms)[0m  [1mCREATE INDEX "index_users_on_remember_token" ON "users" ("remember_token")[0m
  [1m[35m (0.1ms)[0m  INSERT INTO "schema_migrations" ("version") VALUES ('20120315044928')
  [1m[36m (1.2ms)[0m  [1mcommit transaction[0m
Migrating to AddAdminToUsers (20120317061724)
  [1m[35m (0.0ms)[0m  begin transaction
  [1m[36m (0.4ms)[0m  [1mALTER TABLE "users" ADD "admin" boolean DEFAULT 'f'[0m
  [1m[35m (0.1ms)[0m  INSERT INTO "schema_migrations" ("version") VALUES ('20120317061724')
  [1m[36m (1.1ms)[0m  [1mcommit transaction[0m
Migrating to CreateMicroposts (20120318041518)
  [1m[35m (0.0ms)[0m  begin transaction
  [1m[36m (0.4ms)[0m  [1mCREATE TABLE "microposts" ("id" INTEGER PRIMARY KEY AUTOINCREMENT NOT NULL, "content" varchar(255), "user_id" integer, "created_at" datetime NOT NULL, "updated_at" datetime NOT NULL) [0m
  [1m[35m (0.0ms)[0m  PRAGMA index_list("microposts")
  [1m[36m (0.1ms)[0m  [1mCREATE INDEX "index_microposts_on_user_id_and_created_at" ON "microposts" ("user_id", "created_at")[0m
  [1m[35m (0.3ms)[0m  INSERT INTO "schema_migrations" ("version") VALUES ('20120318041518')
  [1m[36m (1.0ms)[0m  [1mcommit transaction[0m
Migrating to CreateRelationships (20120318170758)
  [1m[35m (0.1ms)[0m  begin transaction
  [1m[36m (0.5ms)[0m  [1mCREATE TABLE "relationships" ("id" INTEGER PRIMARY KEY AUTOINCREMENT NOT NULL, "follower_id" integer, "followed_id" integer, "created_at" datetime NOT NULL, "updated_at" datetime NOT NULL) [0m
  [1m[35m (0.1ms)[0m  PRAGMA index_list("relationships")
  [1m[36m (0.2ms)[0m  [1mCREATE INDEX "index_relationships_on_follower_id" ON "relationships" ("follower_id")[0m
  [1m[35m (0.1ms)[0m  PRAGMA index_list("relationships")
  [1m[36m (0.1ms)[0m  [1mPRAGMA index_info('index_relationships_on_follower_id')[0m
  [1m[35m (0.2ms)[0m  CREATE INDEX "index_relationships_on_followed_id" ON "relationships" ("followed_id")
  [1m[36m (0.1ms)[0m  [1mPRAGMA index_list("relationships")[0m
  [1m[35m (0.1ms)[0m  PRAGMA index_info('index_relationships_on_followed_id')
  [1m[36m (0.1ms)[0m  [1mPRAGMA index_info('index_relationships_on_follower_id')[0m
  [1m[35m (1.2ms)[0m  CREATE UNIQUE INDEX "index_relationships_on_follower_id_and_followed_id" ON "relationships" ("follower_id", "followed_id")
  [1m[36m (0.2ms)[0m  [1mINSERT INTO "schema_migrations" ("version") VALUES ('20120318170758')[0m
  [1m[35m (1.0ms)[0m  commit transaction
  [1m[36m (0.9ms)[0m  [1mselect sqlite_version(*)[0m
  [1m[35m (0.2ms)[0m  SELECT "schema_migrations"."version" FROM "schema_migrations" 
  [1m[36m (0.1ms)[0m  [1mPRAGMA index_list("microposts")[0m
  [1m[35m (0.1ms)[0m  PRAGMA index_info('index_microposts_on_user_id_and_created_at')
  [1m[36m (0.0ms)[0m  [1mPRAGMA index_list("relationships")[0m
  [1m[35m (0.0ms)[0m  PRAGMA index_info('index_relationships_on_follower_id_and_followed_id')
  [1m[36m (0.0ms)[0m  [1mPRAGMA index_info('index_relationships_on_followed_id')[0m
  [1m[35m (0.1ms)[0m  PRAGMA index_info('index_relationships_on_follower_id')
  [1m[36m (0.0ms)[0m  [1mPRAGMA index_list("users")[0m
  [1m[35m (0.0ms)[0m  PRAGMA index_info('index_users_on_remember_token')
  [1m[36m (0.0ms)[0m  [1mPRAGMA index_info('index_users_on_email')[0m


Started GET "/" for 127.0.0.1 at 2012-07-25 12:58:38 +0200
Processing by StaticPagesController#home as HTML
  [1m[36mUser Load (0.2ms)[0m  [1mSELECT "users".* FROM "users" WHERE "users"."remember_token" = 'SCkEnOLnaU0wLL5Zdjhobg' LIMIT 1[0m
  [1m[35mCACHE (0.0ms)[0m  SELECT "users".* FROM "users" WHERE "users"."remember_token" = 'SCkEnOLnaU0wLL5Zdjhobg' LIMIT 1
  Rendered static_pages/home.html.erb within layouts/application (7.1ms)
Compiled custom.css  (1432ms)  (pid 1522)
Compiled application.css  (2ms)  (pid 1522)
Compiled jquery.js  (33ms)  (pid 1522)
Compiled jquery_ujs.js  (0ms)  (pid 1522)
Compiled bootstrap-transition.js  (0ms)  (pid 1522)
Compiled bootstrap-alert.js  (0ms)  (pid 1522)
Compiled bootstrap-button.js  (0ms)  (pid 1522)
Compiled bootstrap-carousel.js  (0ms)  (pid 1522)
Compiled bootstrap-collapse.js  (0ms)  (pid 1522)
Compiled bootstrap-dropdown.js  (0ms)  (pid 1522)
Compiled bootstrap-modal.js  (0ms)  (pid 1522)
Compiled bootstrap-scrollspy.js  (0ms)  (pid 1522)
Compiled bootstrap-tab.js  (0ms)  (pid 1522)
Compiled bootstrap-tooltip.js  (0ms)  (pid 1522)
Compiled bootstrap-popover.js  (0ms)  (pid 1522)
Compiled bootstrap-typeahead.js  (0ms)  (pid 1522)
Compiled bootstrap.js  (226ms)  (pid 1522)
Compiled application.js  (322ms)  (pid 1522)
  Rendered layouts/_shim.html.erb (0.3ms)
  [1m[36mCACHE (0.0ms)[0m  [1mSELECT "users".* FROM "users" WHERE "users"."remember_token" = 'SCkEnOLnaU0wLL5Zdjhobg' LIMIT 1[0m
  Rendered layouts/_header.html.erb (2.5ms)
  Rendered layouts/_footer.html.erb (0.8ms)
Completed 200 OK in 1978ms (Views: 1919.6ms | ActiveRecord: 2.5ms)


Started GET "/assets/sessions.css?body=1" for 127.0.0.1 at 2012-07-25 12:58:41 +0200
Served asset /sessions.css - 200 OK (8ms)


Started GET "/assets/custom.css?body=1" for 127.0.0.1 at 2012-07-25 12:58:41 +0200
Served asset /custom.css - 200 OK (32ms)


Started GET "/assets/users.css?body=1" for 127.0.0.1 at 2012-07-25 12:58:41 +0200
Served asset /users.css - 200 OK (2ms)


Started GET "/assets/jquery.js?body=1" for 127.0.0.1 at 2012-07-25 12:58:41 +0200
Served asset /jquery.js - 200 OK (2ms)


Started GET "/assets/static_pages.css?body=1" for 127.0.0.1 at 2012-07-25 12:58:41 +0200
Served asset /static_pages.css - 200 OK (3ms)


Started GET "/assets/bootstrap-transition.js?body=1" for 127.0.0.1 at 2012-07-25 12:58:41 +0200
Served asset /bootstrap-transition.js - 200 OK (4ms)


Started GET "/assets/jquery_ujs.js?body=1" for 127.0.0.1 at 2012-07-25 12:58:41 +0200
Served asset /jquery_ujs.js - 200 OK (3ms)


Started GET "/assets/bootstrap-alert.js?body=1" for 127.0.0.1 at 2012-07-25 12:58:41 +0200
Served asset /bootstrap-alert.js - 200 OK (3ms)


Started GET "/assets/bootstrap-button.js?body=1" for 127.0.0.1 at 2012-07-25 12:58:41 +0200
Served asset /bootstrap-button.js - 200 OK (2ms)


Started GET "/assets/bootstrap-carousel.js?body=1" for 127.0.0.1 at 2012-07-25 12:58:41 +0200
Served asset /bootstrap-carousel.js - 200 OK (5ms)


Started GET "/assets/bootstrap-dropdown.js?body=1" for 127.0.0.1 at 2012-07-25 12:58:41 +0200
Served asset /bootstrap-dropdown.js - 200 OK (2ms)


Started GET "/assets/bootstrap-collapse.js?body=1" for 127.0.0.1 at 2012-07-25 12:58:41 +0200
Served asset /bootstrap-collapse.js - 200 OK (6ms)


Started GET "/assets/bootstrap-tab.js?body=1" for 127.0.0.1 at 2012-07-25 12:58:41 +0200
Served asset /bootstrap-tab.js - 200 OK (5ms)


Started GET "/assets/bootstrap-scrollspy.js?body=1" for 127.0.0.1 at 2012-07-25 12:58:41 +0200
Served asset /bootstrap-scrollspy.js - 200 OK (4ms)


Started GET "/assets/bootstrap-tooltip.js?body=1" for 127.0.0.1 at 2012-07-25 12:58:41 +0200
Served asset /bootstrap-tooltip.js - 200 OK (5ms)


Started GET "/assets/bootstrap-modal.js?body=1" for 127.0.0.1 at 2012-07-25 12:58:41 +0200
Served asset /bootstrap-modal.js - 200 OK (2ms)


Started GET "/assets/bootstrap-popover.js?body=1" for 127.0.0.1 at 2012-07-25 12:58:41 +0200
Served asset /bootstrap-popover.js - 200 OK (7ms)


Started GET "/assets/bootstrap-typeahead.js?body=1" for 127.0.0.1 at 2012-07-25 12:58:41 +0200
Served asset /bootstrap-typeahead.js - 200 OK (5ms)


Started GET "/assets/bootstrap.js?body=1" for 127.0.0.1 at 2012-07-25 12:58:41 +0200
Served asset /bootstrap.js - 200 OK (14ms)


Started GET "/assets/sessions.js?body=1" for 127.0.0.1 at 2012-07-25 12:58:41 +0200
Served asset /sessions.js - 200 OK (1ms)


Started GET "/assets/users.js?body=1" for 127.0.0.1 at 2012-07-25 12:58:41 +0200
Served asset /users.js - 200 OK (1ms)


Started GET "/assets/static_pages.js?body=1" for 127.0.0.1 at 2012-07-25 12:58:41 +0200
Served asset /static_pages.js - 200 OK (1ms)


Started GET "/assets/sc.png" for 127.0.0.1 at 2012-07-25 12:58:41 +0200
Served asset /sc.png - 200 OK (3ms)


Started GET "/signup" for 127.0.0.1 at 2012-07-25 12:58:46 +0200
Processing by UsersController#new as HTML
  Rendered shared/_error_messages.html.erb (1.1ms)
  Rendered users/new.html.erb within layouts/application (215.5ms)
  Rendered layouts/_shim.html.erb (0.0ms)
  [1m[35mUser Load (0.2ms)[0m  SELECT "users".* FROM "users" WHERE "users"."remember_token" = 'SCkEnOLnaU0wLL5Zdjhobg' LIMIT 1
  Rendered layouts/_header.html.erb (1.8ms)
  Rendered layouts/_footer.html.erb (0.4ms)
Completed 200 OK in 240ms (Views: 233.1ms | ActiveRecord: 0.2ms)


Started GET "/" for 127.0.0.1 at 2012-07-25 13:33:07 +0200
Processing by StaticPagesController#home as HTML
  [1m[36mUser Load (0.2ms)[0m  [1mSELECT "users".* FROM "users" WHERE "users"."remember_token" = 'SCkEnOLnaU0wLL5Zdjhobg' LIMIT 1[0m
  Rendered static_pages/home.html.erb within layouts/application (30.0ms)
  Rendered layouts/_shim.html.erb (0.3ms)
  [1m[35mCACHE (0.0ms)[0m  SELECT "users".* FROM "users" WHERE "users"."remember_token" = 'SCkEnOLnaU0wLL5Zdjhobg' LIMIT 1
  Rendered layouts/_header.html.erb (2.7ms)
  Rendered layouts/_footer.html.erb (0.9ms)
Completed 200 OK in 134ms (Views: 130.5ms | ActiveRecord: 3.4ms)


Started GET "/assets/custom.css?body=1" for 127.0.0.1 at 2012-07-25 13:33:07 +0200
Served asset /custom.css - 304 Not Modified (9ms)


Started GET "/signup" for 127.0.0.1 at 2012-07-25 13:33:23 +0200
Processing by UsersController#new as HTML
  Rendered shared/_error_messages.html.erb (0.7ms)
  Rendered users/new.html.erb within layouts/application (151.7ms)
  Rendered layouts/_shim.html.erb (0.0ms)
  [1m[36mUser Load (0.2ms)[0m  [1mSELECT "users".* FROM "users" WHERE "users"."remember_token" = 'SCkEnOLnaU0wLL5Zdjhobg' LIMIT 1[0m
  Rendered layouts/_header.html.erb (2.0ms)
  Rendered layouts/_footer.html.erb (0.4ms)
Completed 200 OK in 182ms (Views: 171.3ms | ActiveRecord: 0.2ms)


Started GET "/assets/custom.css?body=1" for 127.0.0.1 at 2012-07-25 13:33:24 +0200
Served asset /custom.css - 304 Not Modified (1ms)


Started POST "/users" for 127.0.0.1 at 2012-07-25 13:33:49 +0200
Processing by UsersController#create as HTML
  Parameters: {"utf8"=>"✓", "authenticity_token"=>"LbUuJpryhcGEbjCBZ9cj7D4b5KD3PayQ9kY6i7/fwSs=", "user"=>{"name"=>"Paul", "email"=>"PJV@Rensburg.com", "password"=>"[FILTERED]", "password_confirmation"=>"[FILTERED]"}, "commit"=>"Create my account"}
  [1m[35m (0.1ms)[0m  begin transaction
  [1m[36mUser Exists (0.2ms)[0m  [1mSELECT 1 FROM "users" WHERE LOWER("users"."email") = LOWER('PJV@Rensburg.com') LIMIT 1[0m
Binary data inserted for `string` type on column `password_digest`
  [1m[35mSQL (5.1ms)[0m  INSERT INTO "users" ("admin", "created_at", "email", "name", "password_digest", "remember_token", "updated_at") VALUES (?, ?, ?, ?, ?, ?, ?)  [["admin", false], ["created_at", Wed, 25 Jul 2012 11:33:50 UTC +00:00], ["email", "PJV@Rensburg.com"], ["name", "Paul"], ["password_digest", "$2a$10$dAn2BoGMLnCdaNdB.Cje9u5s79HZmdHttJsM5sQvnFZG/c0n0mscy"], ["remember_token", "b-jfwTIlFWtChRlsnLAr5A"], ["updated_at", Wed, 25 Jul 2012 11:33:50 UTC +00:00]]
  [1m[36m (1.5ms)[0m  [1mcommit transaction[0m
Redirected to http://localhost:3000/users/1
Completed 302 Found in 176ms (ActiveRecord: 6.8ms)


Started GET "/users/1" for 127.0.0.1 at 2012-07-25 13:33:50 +0200
Processing by UsersController#show as HTML
  Parameters: {"id"=>"1"}
  [1m[35mUser Load (0.2ms)[0m  SELECT "users".* FROM "users" WHERE "users"."id" = ? LIMIT 1  [["id", "1"]]
  Rendered users/show.html.erb within layouts/application (0.6ms)
  Rendered layouts/_shim.html.erb (0.0ms)
  [1m[36mUser Load (0.2ms)[0m  [1mSELECT "users".* FROM "users" WHERE "users"."remember_token" = 'b-jfwTIlFWtChRlsnLAr5A' LIMIT 1[0m
  Rendered layouts/_header.html.erb (2.9ms)
  Rendered layouts/_footer.html.erb (0.3ms)
Completed 200 OK in 20ms (Views: 18.7ms | ActiveRecord: 0.4ms)


Started GET "/assets/custom.css?body=1" for 127.0.0.1 at 2012-07-25 13:33:50 +0200
Served asset /custom.css - 304 Not Modified (1ms)


Started GET "/users" for 127.0.0.1 at 2012-07-25 13:34:01 +0200
Processing by UsersController#index as HTML
  [1m[35mUser Load (0.2ms)[0m  SELECT "users".* FROM "users" WHERE "users"."remember_token" = 'b-jfwTIlFWtChRlsnLAr5A' LIMIT 1
  [1m[36m (0.1ms)[0m  [1mSELECT COUNT(*) FROM "users" [0m
  [1m[35mUser Load (0.1ms)[0m  SELECT "users".* FROM "users" LIMIT 30 OFFSET 0
  Rendered users/_user.html.erb (1.9ms)
  Rendered users/index.html.erb within layouts/application (6.4ms)
  Rendered layouts/_shim.html.erb (0.0ms)
  Rendered layouts/_header.html.erb (1.7ms)
  Rendered layouts/_footer.html.erb (0.3ms)
Completed 200 OK in 31ms (Views: 29.3ms | ActiveRecord: 0.5ms)


Started GET "/assets/custom.css?body=1" for 127.0.0.1 at 2012-07-25 13:34:01 +0200
Served asset /custom.css - 304 Not Modified (2ms)


Started GET "/users/1" for 127.0.0.1 at 2012-07-25 13:34:07 +0200
Processing by UsersController#show as HTML
  Parameters: {"id"=>"1"}
  [1m[36mUser Load (0.1ms)[0m  [1mSELECT "users".* FROM "users" WHERE "users"."id" = ? LIMIT 1[0m  [["id", "1"]]
  Rendered users/show.html.erb within layouts/application (0.3ms)
  Rendered layouts/_shim.html.erb (0.1ms)
  [1m[35mUser Load (0.2ms)[0m  SELECT "users".* FROM "users" WHERE "users"."remember_token" = 'b-jfwTIlFWtChRlsnLAr5A' LIMIT 1
  Rendered layouts/_header.html.erb (3.1ms)
  Rendered layouts/_footer.html.erb (0.3ms)
Completed 200 OK in 21ms (Views: 19.5ms | ActiveRecord: 0.3ms)


Started GET "/assets/custom.css?body=1" for 127.0.0.1 at 2012-07-25 13:34:07 +0200
Served asset /custom.css - 304 Not Modified (2ms)


Started GET "/" for 127.0.0.1 at 2012-07-25 13:35:14 +0200
Processing by StaticPagesController#home as HTML
  [1m[36mUser Load (0.2ms)[0m  [1mSELECT "users".* FROM "users" WHERE "users"."remember_token" = 'b-jfwTIlFWtChRlsnLAr5A' LIMIT 1[0m
  Rendered shared/_user_info.html.erb (29.3ms)
  Rendered static_pages/home.html.erb within layouts/application (65.2ms)
Completed 500 Internal Server Error in 77ms

ActionView::Template::Error (undefined method `microposts' for #<User:0x007fddbdc1c5d0>):
    8:   <%= link_to "view my profile", current_user %>
    9: </span>
    10: <span>
    11:   <%= pluralize(current_user.microposts.count, "micropost") %>
    12: </span>
  app/views/shared/_user_info.html.erb:11:in `_app_views_shared__user_info_html_erb__4416638282181332821_70295174215620'
  app/views/static_pages/home.html.erb:9:in `_app_views_static_pages_home_html_erb__1197551641769087454_70295172645560'


  Rendered /Users/pauljansevanrensburg/.rvm/gems/ruby-1.9.3-p194/gems/actionpack-3.2.2/lib/action_dispatch/middleware/templates/rescues/_trace.erb (6.5ms)
  Rendered /Users/pauljansevanrensburg/.rvm/gems/ruby-1.9.3-p194/gems/actionpack-3.2.2/lib/action_dispatch/middleware/templates/rescues/_request_and_response.erb (1.2ms)
  Rendered /Users/pauljansevanrensburg/.rvm/gems/ruby-1.9.3-p194/gems/actionpack-3.2.2/lib/action_dispatch/middleware/templates/rescues/template_error.erb within rescues/layout (22.5ms)


Started GET "/" for 127.0.0.1 at 2012-07-25 13:36:52 +0200
Processing by StaticPagesController#home as HTML
  [1m[35mUser Load (0.2ms)[0m  SELECT "users".* FROM "users" WHERE "users"."remember_token" = 'b-jfwTIlFWtChRlsnLAr5A' LIMIT 1
  Rendered shared/_user_info.html.erb (1.3ms)
  Rendered static_pages/home.html.erb within layouts/application (4.3ms)
Compiled custom.css  (1386ms)  (pid 4792)
Compiled sessions.css  (2ms)  (pid 4792)
Compiled static_pages.css  (1ms)  (pid 4792)
Compiled users.css  (1ms)  (pid 4792)
Compiled application.css  (1468ms)  (pid 4792)
Compiled jquery.js  (2ms)  (pid 4792)
Compiled jquery_ujs.js  (0ms)  (pid 4792)
Compiled bootstrap-transition.js  (0ms)  (pid 4792)
Compiled bootstrap-alert.js  (0ms)  (pid 4792)
Compiled bootstrap-button.js  (0ms)  (pid 4792)
Compiled bootstrap-carousel.js  (0ms)  (pid 4792)
Compiled bootstrap-collapse.js  (0ms)  (pid 4792)
Compiled bootstrap-dropdown.js  (0ms)  (pid 4792)
Compiled bootstrap-modal.js  (0ms)  (pid 4792)
Compiled bootstrap-scrollspy.js  (0ms)  (pid 4792)
Compiled bootstrap-tab.js  (0ms)  (pid 4792)
Compiled bootstrap-tooltip.js  (0ms)  (pid 4792)
Compiled bootstrap-popover.js  (0ms)  (pid 4792)
Compiled bootstrap-typeahead.js  (0ms)  (pid 4792)
Compiled bootstrap.js  (178ms)  (pid 4792)
Compiled sessions.js  (152ms)  (pid 4792)
Compiled static_pages.js  (68ms)  (pid 4792)
Compiled users.js  (76ms)  (pid 4792)
Compiled application.js  (599ms)  (pid 4792)
  Rendered layouts/_shim.html.erb (0.4ms)
  Rendered layouts/_header.html.erb (2.9ms)
  Rendered layouts/_footer.html.erb (0.7ms)
Completed 200 OK in 2127ms (Views: 2126.7ms | ActiveRecord: 0.2ms)


Started GET "/assets/custom.css?body=1" for 127.0.0.1 at 2012-07-25 13:36:54 +0200
Served asset /custom.css - 304 Not Modified (8ms)


Started GET "/users/1" for 127.0.0.1 at 2012-07-25 13:36:57 +0200
Processing by UsersController#show as HTML
  Parameters: {"id"=>"1"}
  [1m[36mUser Load (0.4ms)[0m  [1mSELECT "users".* FROM "users" WHERE "users"."id" = ? LIMIT 1[0m  [["id", "1"]]
  Rendered users/show.html.erb within layouts/application (0.9ms)
  Rendered layouts/_shim.html.erb (0.0ms)
  [1m[35mUser Load (0.2ms)[0m  SELECT "users".* FROM "users" WHERE "users"."remember_token" = 'b-jfwTIlFWtChRlsnLAr5A' LIMIT 1
  Rendered layouts/_header.html.erb (3.2ms)
  Rendered layouts/_footer.html.erb (0.3ms)
Completed 200 OK in 25ms (Views: 22.5ms | ActiveRecord: 0.6ms)


Started GET "/assets/custom.css?body=1" for 127.0.0.1 at 2012-07-25 13:36:57 +0200
Served asset /custom.css - 304 Not Modified (2ms)


Started GET "/" for 127.0.0.1 at 2012-07-25 13:37:00 +0200
Processing by StaticPagesController#home as HTML
  [1m[36mUser Load (0.2ms)[0m  [1mSELECT "users".* FROM "users" WHERE "users"."remember_token" = 'b-jfwTIlFWtChRlsnLAr5A' LIMIT 1[0m
  Rendered shared/_user_info.html.erb (0.9ms)
  Rendered static_pages/home.html.erb within layouts/application (2.8ms)
  Rendered layouts/_shim.html.erb (0.1ms)
  Rendered layouts/_header.html.erb (1.9ms)
  Rendered layouts/_footer.html.erb (0.4ms)
Completed 200 OK in 19ms (Views: 18.5ms | ActiveRecord: 0.2ms)


Started GET "/assets/custom.css?body=1" for 127.0.0.1 at 2012-07-25 13:37:00 +0200
Served asset /custom.css - 304 Not Modified (1ms)


Started GET "/about" for 127.0.0.1 at 2012-07-25 13:37:02 +0200
Processing by StaticPagesController#about as HTML
  Rendered static_pages/about.html.erb within layouts/application (0.4ms)
  Rendered layouts/_shim.html.erb (0.0ms)
  [1m[35mUser Load (0.2ms)[0m  SELECT "users".* FROM "users" WHERE "users"."remember_token" = 'b-jfwTIlFWtChRlsnLAr5A' LIMIT 1
  Rendered layouts/_header.html.erb (3.4ms)
  Rendered layouts/_footer.html.erb (0.5ms)
Completed 200 OK in 22ms (Views: 21.5ms | ActiveRecord: 0.2ms)


Started GET "/assets/custom.css?body=1" for 127.0.0.1 at 2012-07-25 13:37:02 +0200
Served asset /custom.css - 304 Not Modified (1ms)


Started GET "/" for 127.0.0.1 at 2012-07-25 13:37:03 +0200
Processing by StaticPagesController#home as HTML
  [1m[36mUser Load (0.2ms)[0m  [1mSELECT "users".* FROM "users" WHERE "users"."remember_token" = 'b-jfwTIlFWtChRlsnLAr5A' LIMIT 1[0m
  Rendered shared/_user_info.html.erb (0.7ms)
  Rendered static_pages/home.html.erb within layouts/application (2.5ms)
  Rendered layouts/_shim.html.erb (0.1ms)
  Rendered layouts/_header.html.erb (1.9ms)
  Rendered layouts/_footer.html.erb (0.5ms)
Completed 200 OK in 19ms (Views: 18.9ms | ActiveRecord: 0.2ms)


Started GET "/assets/custom.css?body=1" for 127.0.0.1 at 2012-07-25 13:37:03 +0200
Served asset /custom.css - 304 Not Modified (2ms)


Started GET "/users" for 127.0.0.1 at 2012-07-25 13:37:06 +0200
Processing by UsersController#index as HTML
  [1m[35mUser Load (0.2ms)[0m  SELECT "users".* FROM "users" WHERE "users"."remember_token" = 'b-jfwTIlFWtChRlsnLAr5A' LIMIT 1
  [1m[36m (0.2ms)[0m  [1mSELECT COUNT(*) FROM "users" [0m
  [1m[35mUser Load (0.1ms)[0m  SELECT "users".* FROM "users" LIMIT 30 OFFSET 0
  Rendered users/_user.html.erb (1.4ms)
  Rendered users/index.html.erb within layouts/application (5.5ms)
  Rendered layouts/_shim.html.erb (0.0ms)
  Rendered layouts/_header.html.erb (2.8ms)
  Rendered layouts/_footer.html.erb (0.6ms)
Completed 200 OK in 25ms (Views: 23.1ms | ActiveRecord: 0.5ms)


Started GET "/assets/custom.css?body=1" for 127.0.0.1 at 2012-07-25 13:37:06 +0200
Served asset /custom.css - 304 Not Modified (1ms)


Started GET "/help" for 127.0.0.1 at 2012-07-25 13:37:08 +0200
Processing by StaticPagesController#help as HTML
  Rendered static_pages/help.html.erb within layouts/application (0.5ms)
  Rendered layouts/_shim.html.erb (0.0ms)
  [1m[36mUser Load (0.3ms)[0m  [1mSELECT "users".* FROM "users" WHERE "users"."remember_token" = 'b-jfwTIlFWtChRlsnLAr5A' LIMIT 1[0m
  Rendered layouts/_header.html.erb (4.2ms)
  Rendered layouts/_footer.html.erb (0.5ms)
Completed 200 OK in 22ms (Views: 21.3ms | ActiveRecord: 0.3ms)


Started GET "/assets/custom.css?body=1" for 127.0.0.1 at 2012-07-25 13:37:08 +0200
Served asset /custom.css - 304 Not Modified (2ms)


Started GET "/contact" for 127.0.0.1 at 2012-07-25 13:37:09 +0200
Processing by StaticPagesController#contact as HTML
  Rendered static_pages/contact.html.erb within layouts/application (0.4ms)
  Rendered layouts/_shim.html.erb (0.0ms)
  [1m[35mUser Load (0.2ms)[0m  SELECT "users".* FROM "users" WHERE "users"."remember_token" = 'b-jfwTIlFWtChRlsnLAr5A' LIMIT 1
  Rendered layouts/_header.html.erb (4.9ms)
  Rendered layouts/_footer.html.erb (0.7ms)
Completed 200 OK in 24ms (Views: 23.3ms | ActiveRecord: 0.2ms)


Started GET "/assets/custom.css?body=1" for 127.0.0.1 at 2012-07-25 13:37:09 +0200
Served asset /custom.css - 304 Not Modified (1ms)


Started GET "/about" for 127.0.0.1 at 2012-07-25 13:37:10 +0200
Processing by StaticPagesController#about as HTML
  Rendered static_pages/about.html.erb within layouts/application (0.1ms)
  Rendered layouts/_shim.html.erb (0.0ms)
  [1m[36mUser Load (0.2ms)[0m  [1mSELECT "users".* FROM "users" WHERE "users"."remember_token" = 'b-jfwTIlFWtChRlsnLAr5A' LIMIT 1[0m
  Rendered layouts/_header.html.erb (2.3ms)
  Rendered layouts/_footer.html.erb (0.3ms)
Completed 200 OK in 16ms (Views: 15.9ms | ActiveRecord: 0.2ms)


Started GET "/assets/custom.css?body=1" for 127.0.0.1 at 2012-07-25 13:37:10 +0200
Served asset /custom.css - 304 Not Modified (2ms)


Started GET "/" for 127.0.0.1 at 2012-07-25 13:37:10 +0200
Processing by StaticPagesController#home as HTML
  [1m[35mUser Load (0.2ms)[0m  SELECT "users".* FROM "users" WHERE "users"."remember_token" = 'b-jfwTIlFWtChRlsnLAr5A' LIMIT 1
  Rendered shared/_user_info.html.erb (1.3ms)
  Rendered static_pages/home.html.erb within layouts/application (3.7ms)
  Rendered layouts/_shim.html.erb (0.0ms)
  Rendered layouts/_header.html.erb (2.3ms)
  Rendered layouts/_footer.html.erb (0.5ms)
Completed 200 OK in 54ms (Views: 53.7ms | ActiveRecord: 0.2ms)


Started GET "/assets/custom.css?body=1" for 127.0.0.1 at 2012-07-25 13:37:10 +0200
Served asset /custom.css - 304 Not Modified (1ms)


Started GET "/" for 127.0.0.1 at 2012-07-25 13:38:33 +0200
Processing by StaticPagesController#home as HTML
  [1m[36mUser Load (0.2ms)[0m  [1mSELECT "users".* FROM "users" WHERE "users"."remember_token" = 'b-jfwTIlFWtChRlsnLAr5A' LIMIT 1[0m
  Rendered shared/_user_info.html.erb (0.8ms)
  Rendered static_pages/home.html.erb within layouts/application (2.6ms)
Completed 500 Internal Server Error in 43ms

ActionView::Template::Error (couldn't find file 'twitter/bootstrap'
  (in /Users/pauljansevanrensburg/RailsApps/webapp_shell/app/assets/javascripts/application.js:15)):
    3:   <head>
    4:     <title><%= full_title(yield(:title)) %></title>
    5:     <%= stylesheet_link_tag    "application", media: "all" %>
    6:     <%= javascript_include_tag "application" %>
    7:     <%= csrf_meta_tags %>
    8:     <%= render 'layouts/shim' %>    
    9:   </head>
  app/views/layouts/application.html.erb:6:in `_app_views_layouts_application_html_erb___3716642496894521889_70295172657520'


  Rendered /Users/pauljansevanrensburg/.rvm/gems/ruby-1.9.3-p194/gems/actionpack-3.2.2/lib/action_dispatch/middleware/templates/rescues/_trace.erb (3.9ms)
  Rendered /Users/pauljansevanrensburg/.rvm/gems/ruby-1.9.3-p194/gems/actionpack-3.2.2/lib/action_dispatch/middleware/templates/rescues/_request_and_response.erb (1.0ms)
  Rendered /Users/pauljansevanrensburg/.rvm/gems/ruby-1.9.3-p194/gems/actionpack-3.2.2/lib/action_dispatch/middleware/templates/rescues/template_error.erb within rescues/layout (11.8ms)


Started GET "/" for 127.0.0.1 at 2012-07-25 13:39:49 +0200
Processing by StaticPagesController#home as HTML
  [1m[35mUser Load (0.3ms)[0m  SELECT "users".* FROM "users" WHERE "users"."remember_token" = 'b-jfwTIlFWtChRlsnLAr5A' LIMIT 1
  Rendered shared/_user_info.html.erb (0.8ms)
  Rendered static_pages/home.html.erb within layouts/application (3.2ms)
  Rendered layouts/_shim.html.erb (0.0ms)
  Rendered layouts/_header.html.erb (1.9ms)
  Rendered layouts/_footer.html.erb (0.5ms)
Completed 200 OK in 48ms (Views: 47.9ms | ActiveRecord: 0.3ms)


Started GET "/assets/application.css?body=1" for 127.0.0.1 at 2012-07-25 13:39:49 +0200
Served asset /application.css - 200 OK (23ms)


Started GET "/assets/custom.css?body=1" for 127.0.0.1 at 2012-07-25 13:39:49 +0200
Served asset /custom.css - 304 Not Modified (2ms)


Started GET "/assets/application.js?body=1" for 127.0.0.1 at 2012-07-25 13:39:49 +0200
Served asset /application.js - 200 OK (27ms)


Started GET "/" for 127.0.0.1 at 2012-07-25 13:45:44 +0200
Processing by StaticPagesController#home as HTML
  [1m[36mUser Load (0.2ms)[0m  [1mSELECT "users".* FROM "users" WHERE "users"."remember_token" = 'b-jfwTIlFWtChRlsnLAr5A' LIMIT 1[0m
  Rendered shared/_user_info.html.erb (0.7ms)
  Rendered static_pages/home.html.erb within layouts/application (2.6ms)
  Rendered layouts/_shim.html.erb (0.0ms)
  Rendered layouts/_header.html.erb (2.9ms)
  Rendered layouts/_footer.html.erb (0.6ms)
Completed 200 OK in 24ms (Views: 23.9ms | ActiveRecord: 0.2ms)


Started GET "/assets/custom.css?body=1" for 127.0.0.1 at 2012-07-25 13:45:44 +0200
Served asset /custom.css - 304 Not Modified (2ms)


Started GET "/" for 127.0.0.1 at 2012-07-25 13:45:49 +0200
Processing by StaticPagesController#home as HTML
  [1m[35mUser Load (0.2ms)[0m  SELECT "users".* FROM "users" WHERE "users"."remember_token" = 'b-jfwTIlFWtChRlsnLAr5A' LIMIT 1
  Rendered shared/_user_info.html.erb (0.7ms)
  Rendered static_pages/home.html.erb within layouts/application (2.6ms)
  Rendered layouts/_shim.html.erb (0.0ms)
  Rendered layouts/_header.html.erb (2.3ms)
  Rendered layouts/_footer.html.erb (0.4ms)
Completed 200 OK in 54ms (Views: 54.0ms | ActiveRecord: 0.2ms)


Started GET "/assets/custom.css?body=1" for 127.0.0.1 at 2012-07-25 13:45:49 +0200
Served asset /custom.css - 304 Not Modified (1ms)


Started GET "/about" for 127.0.0.1 at 2012-07-25 13:45:50 +0200
Processing by StaticPagesController#about as HTML
  Rendered static_pages/about.html.erb within layouts/application (0.1ms)
  Rendered layouts/_shim.html.erb (0.0ms)
  [1m[36mUser Load (0.2ms)[0m  [1mSELECT "users".* FROM "users" WHERE "users"."remember_token" = 'b-jfwTIlFWtChRlsnLAr5A' LIMIT 1[0m
  Rendered layouts/_header.html.erb (2.3ms)
  Rendered layouts/_footer.html.erb (0.5ms)
Completed 200 OK in 17ms (Views: 16.5ms | ActiveRecord: 0.2ms)


Started GET "/assets/custom.css?body=1" for 127.0.0.1 at 2012-07-25 13:45:50 +0200
Served asset /custom.css - 304 Not Modified (1ms)


Started GET "/contact" for 127.0.0.1 at 2012-07-25 13:45:52 +0200
Processing by StaticPagesController#contact as HTML
  Rendered static_pages/contact.html.erb within layouts/application (0.1ms)
  Rendered layouts/_shim.html.erb (0.0ms)
  [1m[35mUser Load (0.2ms)[0m  SELECT "users".* FROM "users" WHERE "users"."remember_token" = 'b-jfwTIlFWtChRlsnLAr5A' LIMIT 1
  Rendered layouts/_header.html.erb (2.4ms)
  Rendered layouts/_footer.html.erb (0.3ms)
Completed 200 OK in 17ms (Views: 16.4ms | ActiveRecord: 0.2ms)


Started GET "/assets/custom.css?body=1" for 127.0.0.1 at 2012-07-25 13:45:52 +0200
Served asset /custom.css - 304 Not Modified (1ms)


Started GET "/help" for 127.0.0.1 at 2012-07-25 13:45:53 +0200
Processing by StaticPagesController#help as HTML
  Rendered static_pages/help.html.erb within layouts/application (0.1ms)
  Rendered layouts/_shim.html.erb (0.0ms)
  [1m[36mUser Load (0.2ms)[0m  [1mSELECT "users".* FROM "users" WHERE "users"."remember_token" = 'b-jfwTIlFWtChRlsnLAr5A' LIMIT 1[0m
  Rendered layouts/_header.html.erb (2.6ms)
  Rendered layouts/_footer.html.erb (0.4ms)
Completed 200 OK in 17ms (Views: 16.4ms | ActiveRecord: 0.2ms)


Started GET "/assets/custom.css?body=1" for 127.0.0.1 at 2012-07-25 13:45:53 +0200
Served asset /custom.css - 304 Not Modified (1ms)


Started GET "/users" for 127.0.0.1 at 2012-07-25 13:45:55 +0200
Processing by UsersController#index as HTML
  [1m[35mUser Load (0.2ms)[0m  SELECT "users".* FROM "users" WHERE "users"."remember_token" = 'b-jfwTIlFWtChRlsnLAr5A' LIMIT 1
  [1m[36m (0.2ms)[0m  [1mSELECT COUNT(*) FROM "users" [0m
  [1m[35mUser Load (0.1ms)[0m  SELECT "users".* FROM "users" LIMIT 30 OFFSET 0
  Rendered users/_user.html.erb (0.8ms)
  Rendered users/index.html.erb within layouts/application (3.3ms)
  Rendered layouts/_shim.html.erb (0.0ms)
  Rendered layouts/_header.html.erb (1.9ms)
  Rendered layouts/_footer.html.erb (0.3ms)
Completed 200 OK in 54ms (Views: 52.9ms | ActiveRecord: 0.5ms)


Started GET "/assets/custom.css?body=1" for 127.0.0.1 at 2012-07-25 13:45:55 +0200
Served asset /custom.css - 304 Not Modified (2ms)


Started GET "/users" for 127.0.0.1 at 2012-07-25 13:50:56 +0200
Processing by UsersController#index as HTML
  [1m[36mUser Load (0.2ms)[0m  [1mSELECT "users".* FROM "users" WHERE "users"."remember_token" = 'b-jfwTIlFWtChRlsnLAr5A' LIMIT 1[0m
  [1m[35m (0.2ms)[0m  SELECT COUNT(*) FROM "users" 
  [1m[36mUser Load (0.1ms)[0m  [1mSELECT "users".* FROM "users" LIMIT 30 OFFSET 0[0m
  Rendered users/_user.html.erb (0.7ms)
  Rendered users/index.html.erb within layouts/application (4.9ms)
  Rendered layouts/_shim.html.erb (0.0ms)
  Rendered layouts/_header.html.erb (2.5ms)
  Rendered layouts/_footer.html.erb (0.5ms)
Completed 200 OK in 38ms (Views: 36.1ms | ActiveRecord: 0.5ms)


Started GET "/assets/application.css?body=1" for 127.0.0.1 at 2012-07-25 13:50:56 +0200
Served asset /application.css - 304 Not Modified (2ms)


Started GET "/assets/custom.css?body=1" for 127.0.0.1 at 2012-07-25 13:50:56 +0200
Served asset /custom.css - 304 Not Modified (1ms)


Started GET "/assets/application.js?body=1" for 127.0.0.1 at 2012-07-25 13:50:56 +0200
Served asset /application.js - 304 Not Modified (2ms)


Started GET "/" for 127.0.0.1 at 2012-07-25 14:13:15 +0200
Processing by StaticPagesController#home as HTML
  [1m[36mUser Load (0.2ms)[0m  [1mSELECT "users".* FROM "users" WHERE "users"."remember_token" = 'b-jfwTIlFWtChRlsnLAr5A' LIMIT 1[0m
  Rendered shared/_user_info.html.erb (2.3ms)
  Rendered static_pages/home.html.erb within layouts/application (62.7ms)
  Rendered layouts/_shim.html.erb (0.4ms)
  Rendered layouts/_header.html.erb (3.9ms)
  Rendered layouts/_footer.html.erb (1.1ms)
Completed 200 OK in 181ms (Views: 175.4ms | ActiveRecord: 5.2ms)


Started GET "/assets/application.css?body=1" for 127.0.0.1 at 2012-07-25 14:13:16 +0200
Served asset /application.css - 304 Not Modified (25ms)


Started GET "/assets/custom.css?body=1" for 127.0.0.1 at 2012-07-25 14:13:16 +0200
Served asset /custom.css - 304 Not Modified (9ms)


Started GET "/assets/application.js?body=1" for 127.0.0.1 at 2012-07-25 14:13:16 +0200
Served asset /application.js - 304 Not Modified (55ms)


Started GET "/users" for 127.0.0.1 at 2012-07-25 14:14:15 +0200
Processing by UsersController#index as HTML
  [1m[35mUser Load (0.4ms)[0m  SELECT "users".* FROM "users" WHERE "users"."remember_token" = 'b-jfwTIlFWtChRlsnLAr5A' LIMIT 1
  [1m[36m (0.2ms)[0m  [1mSELECT COUNT(*) FROM "users" [0m
  [1m[35mUser Load (0.2ms)[0m  SELECT "users".* FROM "users" LIMIT 30 OFFSET 0
  Rendered users/_user.html.erb (2.1ms)
  Rendered users/index.html.erb within layouts/application (10.5ms)
  Rendered layouts/_shim.html.erb (0.1ms)
  Rendered layouts/_header.html.erb (2.5ms)
  Rendered layouts/_footer.html.erb (0.5ms)
Completed 200 OK in 46ms (Views: 41.8ms | ActiveRecord: 0.8ms)


Started GET "/assets/application.css?body=1" for 127.0.0.1 at 2012-07-25 14:14:15 +0200
Served asset /application.css - 304 Not Modified (2ms)


Started GET "/assets/custom.css?body=1" for 127.0.0.1 at 2012-07-25 14:14:15 +0200
Served asset /custom.css - 304 Not Modified (2ms)


Started GET "/assets/application.js?body=1" for 127.0.0.1 at 2012-07-25 14:14:15 +0200
Served asset /application.js - 304 Not Modified (2ms)


Started GET "/users" for 127.0.0.1 at 2012-07-25 14:17:03 +0200
Processing by UsersController#index as HTML
  [1m[36mUser Load (0.1ms)[0m  [1mSELECT "users".* FROM "users" WHERE "users"."remember_token" = 'b-jfwTIlFWtChRlsnLAr5A' LIMIT 1[0m
  [1m[35m (0.2ms)[0m  SELECT COUNT(*) FROM "users" 
  [1m[36mUser Load (0.1ms)[0m  [1mSELECT "users".* FROM "users" LIMIT 30 OFFSET 0[0m
  Rendered users/_user.html.erb (1.5ms)
  Rendered users/index.html.erb within layouts/application (4.8ms)
  Rendered layouts/_shim.html.erb (0.0ms)
  Rendered layouts/_header.html.erb (1.9ms)
  Rendered layouts/_footer.html.erb (0.4ms)
Completed 200 OK in 70ms (Views: 55.9ms | ActiveRecord: 1.0ms)


Started GET "/assets/application.css?body=1" for 127.0.0.1 at 2012-07-25 14:17:03 +0200
Served asset /application.css - 304 Not Modified (2ms)


Started GET "/assets/application.js?body=1" for 127.0.0.1 at 2012-07-25 14:17:03 +0200
Served asset /application.js - 304 Not Modified (3ms)


Started GET "/assets/custom.css?body=1" for 127.0.0.1 at 2012-07-25 14:17:03 +0200
Served asset /custom.css - 304 Not Modified (2ms)


Started GET "/users" for 127.0.0.1 at 2012-07-25 14:20:05 +0200
Processing by UsersController#index as HTML
  [1m[35mUser Load (0.2ms)[0m  SELECT "users".* FROM "users" WHERE "users"."remember_token" = 'b-jfwTIlFWtChRlsnLAr5A' LIMIT 1
  [1m[36m (0.2ms)[0m  [1mSELECT COUNT(*) FROM "users" [0m
  [1m[35mUser Load (0.2ms)[0m  SELECT "users".* FROM "users" LIMIT 30 OFFSET 0
  Rendered users/_user.html.erb (1.9ms)
  Rendered users/index.html.erb within layouts/application (6.0ms)
  Rendered layouts/_shim.html.erb (0.0ms)
  Rendered layouts/_header.html.erb (2.2ms)
  Rendered layouts/_footer.html.erb (0.5ms)
Completed 200 OK in 42ms (Views: 30.6ms | ActiveRecord: 1.1ms)


Started GET "/assets/application.css?body=1" for 127.0.0.1 at 2012-07-25 14:20:06 +0200
Served asset /application.css - 304 Not Modified (2ms)


Started GET "/assets/application.js?body=1" for 127.0.0.1 at 2012-07-25 14:20:06 +0200
Served asset /application.js - 304 Not Modified (3ms)


Started GET "/assets/custom.css?body=1" for 127.0.0.1 at 2012-07-25 14:20:06 +0200
Served asset /custom.css - 304 Not Modified (2ms)


Started GET "/users" for 127.0.0.1 at 2012-07-25 14:20:17 +0200
Processing by UsersController#index as HTML
  [1m[36mUser Load (0.2ms)[0m  [1mSELECT "users".* FROM "users" WHERE "users"."remember_token" = 'b-jfwTIlFWtChRlsnLAr5A' LIMIT 1[0m
  [1m[35m (0.1ms)[0m  SELECT COUNT(*) FROM "users" 
  [1m[36mUser Load (0.1ms)[0m  [1mSELECT "users".* FROM "users" LIMIT 30 OFFSET 0[0m
  Rendered users/_user.html.erb (0.8ms)
  Rendered users/index.html.erb within layouts/application (3.1ms)
  Rendered layouts/_shim.html.erb (0.0ms)
  Rendered layouts/_header.html.erb (1.9ms)
  Rendered layouts/_footer.html.erb (0.8ms)
Completed 200 OK in 24ms (Views: 22.2ms | ActiveRecord: 0.4ms)


Started GET "/assets/application.css?body=1" for 127.0.0.1 at 2012-07-25 14:20:17 +0200
Served asset /application.css - 304 Not Modified (2ms)


Started GET "/assets/custom.css?body=1" for 127.0.0.1 at 2012-07-25 14:20:17 +0200
Served asset /custom.css - 304 Not Modified (2ms)


Started GET "/assets/application.js?body=1" for 127.0.0.1 at 2012-07-25 14:20:17 +0200
Served asset /application.js - 304 Not Modified (2ms)


Started GET "/users" for 127.0.0.1 at 2012-07-25 14:22:32 +0200
Processing by UsersController#index as HTML
  [1m[35mUser Load (0.2ms)[0m  SELECT "users".* FROM "users" WHERE "users"."remember_token" = 'b-jfwTIlFWtChRlsnLAr5A' LIMIT 1
  [1m[36m (0.1ms)[0m  [1mSELECT COUNT(*) FROM "users" [0m
  [1m[35mUser Load (0.1ms)[0m  SELECT "users".* FROM "users" LIMIT 30 OFFSET 0
  Rendered users/_user.html.erb (0.8ms)
  Rendered users/index.html.erb within layouts/application (3.7ms)
  Rendered layouts/_shim.html.erb (0.0ms)
  Rendered layouts/_header.html.erb (2.2ms)
  Rendered layouts/_footer.html.erb (0.4ms)
Completed 200 OK in 26ms (Views: 24.2ms | ActiveRecord: 0.5ms)


Started GET "/assets/application.css?body=1" for 127.0.0.1 at 2012-07-25 14:22:32 +0200
Served asset /application.css - 304 Not Modified (2ms)


Started GET "/assets/custom.css?body=1" for 127.0.0.1 at 2012-07-25 14:22:32 +0200
Served asset /custom.css - 304 Not Modified (2ms)


Started GET "/assets/application.js?body=1" for 127.0.0.1 at 2012-07-25 14:22:32 +0200
Served asset /application.js - 304 Not Modified (1ms)


Started GET "/" for 127.0.0.1 at 2012-07-25 14:22:50 +0200
Processing by StaticPagesController#home as HTML
  Rendered static_pages/home.html.erb within layouts/application (1.4ms)
  Rendered layouts/_shim.html.erb (0.1ms)
  Rendered layouts/_header.html.erb (1.1ms)
  Rendered layouts/_footer.html.erb (1.2ms)
Completed 200 OK in 42ms (Views: 41.1ms | ActiveRecord: 0.0ms)


Started GET "/assets/application.css?body=1" for 127.0.0.1 at 2012-07-25 14:22:50 +0200
Served asset /application.css - 200 OK (1ms)


Started GET "/assets/users.css?body=1" for 127.0.0.1 at 2012-07-25 14:22:50 +0200
Served asset /users.css - 200 OK (6ms)


Started GET "/assets/custom.css?body=1" for 127.0.0.1 at 2012-07-25 14:22:50 +0200
Served asset /custom.css - 200 OK (1ms)


Started GET "/assets/sessions.css?body=1" for 127.0.0.1 at 2012-07-25 14:22:50 +0200
Served asset /sessions.css - 200 OK (2ms)


Started GET "/assets/jquery_ujs.js?body=1" for 127.0.0.1 at 2012-07-25 14:22:50 +0200
Served asset /jquery_ujs.js - 200 OK (4ms)


Started GET "/assets/static_pages.css?body=1" for 127.0.0.1 at 2012-07-25 14:22:50 +0200
Served asset /static_pages.css - 200 OK (3ms)


Started GET "/assets/jquery.js?body=1" for 127.0.0.1 at 2012-07-25 14:22:50 +0200
Served asset /jquery.js - 200 OK (14ms)


Started GET "/assets/bootstrap-transition.js?body=1" for 127.0.0.1 at 2012-07-25 14:22:50 +0200
Served asset /bootstrap-transition.js - 200 OK (5ms)


Started GET "/assets/bootstrap-alert.js?body=1" for 127.0.0.1 at 2012-07-25 14:22:50 +0200
Served asset /bootstrap-alert.js - 200 OK (2ms)


Started GET "/assets/bootstrap-button.js?body=1" for 127.0.0.1 at 2012-07-25 14:22:50 +0200
Served asset /bootstrap-button.js - 200 OK (2ms)


Started GET "/assets/bootstrap-carousel.js?body=1" for 127.0.0.1 at 2012-07-25 14:22:50 +0200
Served asset /bootstrap-carousel.js - 200 OK (5ms)


Started GET "/assets/bootstrap-collapse.js?body=1" for 127.0.0.1 at 2012-07-25 14:22:50 +0200
Served asset /bootstrap-collapse.js - 200 OK (4ms)


Started GET "/assets/bootstrap-dropdown.js?body=1" for 127.0.0.1 at 2012-07-25 14:22:50 +0200
Served asset /bootstrap-dropdown.js - 200 OK (3ms)


Started GET "/assets/bootstrap-popover.js?body=1" for 127.0.0.1 at 2012-07-25 14:22:50 +0200
Served asset /bootstrap-popover.js - 200 OK (4ms)


Started GET "/assets/bootstrap-tab.js?body=1" for 127.0.0.1 at 2012-07-25 14:22:50 +0200
Served asset /bootstrap-tab.js - 200 OK (3ms)


Started GET "/assets/bootstrap-modal.js?body=1" for 127.0.0.1 at 2012-07-25 14:22:50 +0200
Served asset /bootstrap-modal.js - 200 OK (4ms)


Started GET "/assets/bootstrap-scrollspy.js?body=1" for 127.0.0.1 at 2012-07-25 14:22:50 +0200
Served asset /bootstrap-scrollspy.js - 200 OK (4ms)


Started GET "/assets/bootstrap-tooltip.js?body=1" for 127.0.0.1 at 2012-07-25 14:22:50 +0200
Served asset /bootstrap-tooltip.js - 200 OK (5ms)


Started GET "/assets/bootstrap-typeahead.js?body=1" for 127.0.0.1 at 2012-07-25 14:22:50 +0200
Served asset /bootstrap-typeahead.js - 200 OK (4ms)


Started GET "/assets/bootstrap.js?body=1" for 127.0.0.1 at 2012-07-25 14:22:50 +0200
Served asset /bootstrap.js - 200 OK (16ms)


Started GET "/assets/sessions.js?body=1" for 127.0.0.1 at 2012-07-25 14:22:50 +0200
Served asset /sessions.js - 200 OK (1ms)


Started GET "/assets/static_pages.js?body=1" for 127.0.0.1 at 2012-07-25 14:22:50 +0200
Served asset /static_pages.js - 200 OK (2ms)


Started GET "/assets/users.js?body=1" for 127.0.0.1 at 2012-07-25 14:22:50 +0200
Served asset /users.js - 200 OK (1ms)


Started GET "/assets/application.js?body=1" for 127.0.0.1 at 2012-07-25 14:22:50 +0200
Served asset /application.js - 200 OK (1ms)


Started GET "/assets/sc.png" for 127.0.0.1 at 2012-07-25 14:22:50 +0200
Served asset /sc.png - 200 OK (10ms)


Started GET "/signin" for 127.0.0.1 at 2012-07-25 14:23:03 +0200
Processing by SessionsController#new as HTML
  Rendered sessions/new.html.erb within layouts/application (232.6ms)
  Rendered layouts/_shim.html.erb (0.0ms)
  Rendered layouts/_header.html.erb (1.0ms)
  Rendered layouts/_footer.html.erb (0.4ms)
Completed 200 OK in 250ms (Views: 249.4ms | ActiveRecord: 0.0ms)


Started POST "/sessions" for 127.0.0.1 at 2012-07-25 14:23:22 +0200
Processing by SessionsController#create as HTML
  Parameters: {"utf8"=>"✓", "authenticity_token"=>"k77nithLi0pZwX52AQITf6h95qqt5E3wojcxhPebXBA=", "session"=>{"email"=>"PJV@rensburg.com", "password"=>"[FILTERED]"}, "commit"=>"Sign in"}
  [1m[36mUser Load (0.2ms)[0m  [1mSELECT "users".* FROM "users" WHERE "users"."email" = 'PJV@rensburg.com' LIMIT 1[0m
  Rendered sessions/new.html.erb within layouts/application (1.8ms)
  Rendered layouts/_shim.html.erb (0.1ms)
  Rendered layouts/_header.html.erb (1.7ms)
  Rendered layouts/_footer.html.erb (0.5ms)
Completed 200 OK in 63ms (Views: 61.6ms | ActiveRecord: 0.2ms)


Started GET "/" for 127.0.0.1 at 2012-07-25 14:23:42 +0200
Processing by StaticPagesController#home as HTML
  Rendered static_pages/home.html.erb within layouts/application (0.6ms)
  Rendered layouts/_shim.html.erb (0.0ms)
  Rendered layouts/_header.html.erb (1.0ms)
  Rendered layouts/_footer.html.erb (0.3ms)
Completed 200 OK in 16ms (Views: 15.5ms | ActiveRecord: 0.0ms)


Started GET "/signup" for 127.0.0.1 at 2012-07-25 14:23:43 +0200
Processing by UsersController#new as HTML
  Rendered shared/_error_messages.html.erb (0.5ms)
  Rendered users/new.html.erb within layouts/application (5.9ms)
  Rendered layouts/_shim.html.erb (0.1ms)
  Rendered layouts/_header.html.erb (1.6ms)
  Rendered layouts/_footer.html.erb (0.3ms)
Completed 200 OK in 30ms (Views: 29.1ms | ActiveRecord: 0.0ms)


Started POST "/users" for 127.0.0.1 at 2012-07-25 14:23:59 +0200
Processing by UsersController#create as HTML
  Parameters: {"utf8"=>"✓", "authenticity_token"=>"k77nithLi0pZwX52AQITf6h95qqt5E3wojcxhPebXBA=", "user"=>{"name"=>"Paul", "email"=>"p@p.com", "password"=>"[FILTERED]", "password_confirmation"=>"[FILTERED]"}, "commit"=>"Create my account"}
  [1m[35m (0.1ms)[0m  begin transaction
  [1m[36mUser Exists (0.2ms)[0m  [1mSELECT 1 FROM "users" WHERE LOWER("users"."email") = LOWER('p@p.com') LIMIT 1[0m
Binary data inserted for `string` type on column `password_digest`
  [1m[35mSQL (5.6ms)[0m  INSERT INTO "users" ("admin", "created_at", "email", "name", "password_digest", "remember_token", "updated_at") VALUES (?, ?, ?, ?, ?, ?, ?)  [["admin", false], ["created_at", Wed, 25 Jul 2012 12:23:59 UTC +00:00], ["email", "p@p.com"], ["name", "Paul"], ["password_digest", "$2a$10$Y50LjM1K0Oh5INdmnDcPQOI5ymHSvDaXzXNDEHoyBYMcQAAPyElE6"], ["remember_token", "qyrvCLDY3EBeObCR40bMwg"], ["updated_at", Wed, 25 Jul 2012 12:23:59 UTC +00:00]]
  [1m[36m (1.3ms)[0m  [1mcommit transaction[0m
Redirected to http://localhost:3000/users/2
Completed 302 Found in 178ms (ActiveRecord: 7.2ms)


Started GET "/users/2" for 127.0.0.1 at 2012-07-25 14:23:59 +0200
Processing by UsersController#show as HTML
  Parameters: {"id"=>"2"}
  [1m[35mUser Load (0.2ms)[0m  SELECT "users".* FROM "users" WHERE "users"."id" = ? LIMIT 1  [["id", "2"]]
  Rendered users/show.html.erb within layouts/application (0.7ms)
  Rendered layouts/_shim.html.erb (0.0ms)
  [1m[36mUser Load (0.2ms)[0m  [1mSELECT "users".* FROM "users" WHERE "users"."remember_token" = 'qyrvCLDY3EBeObCR40bMwg' LIMIT 1[0m
  Rendered layouts/_header.html.erb (2.5ms)
  Rendered layouts/_footer.html.erb (0.3ms)
Completed 200 OK in 19ms (Views: 17.9ms | ActiveRecord: 0.4ms)


Started DELETE "/signout" for 127.0.0.1 at 2012-07-25 14:24:05 +0200
Processing by SessionsController#destroy as HTML
  Parameters: {"authenticity_token"=>"k77nithLi0pZwX52AQITf6h95qqt5E3wojcxhPebXBA="}
Redirected to http://localhost:3000/
Completed 302 Found in 1ms (ActiveRecord: 0.0ms)


Started GET "/" for 127.0.0.1 at 2012-07-25 14:24:05 +0200
Processing by StaticPagesController#home as HTML
  Rendered static_pages/home.html.erb within layouts/application (0.9ms)
  Rendered layouts/_shim.html.erb (0.0ms)
  Rendered layouts/_header.html.erb (1.5ms)
  Rendered layouts/_footer.html.erb (0.5ms)
Completed 200 OK in 24ms (Views: 24.3ms | ActiveRecord: 0.0ms)
